<?xml version="1.0" encoding="UTF-8"?>
<!-- Generated by org.testng.reporters.JUnitXMLReporter -->
<testsuite ignored="0" hostname="HARRY" failures="0" tests="3" name="Surefire test" time="31.242" errors="0" timestamp="2024-03-10T00:18:40 EST">
  <testcase classname="testPackage.SearchTest" name="applyFilter" time="3.887"/>
  <testcase classname="testPackage.SearchTest" name="search" time="2.498"/>
  <testcase classname="testPackage.SearchTest" name="sortByPriceAscending" time="2.28"/>
</testsuite> <!-- Surefire test -->
