<?xml version="1.0" encoding="UTF-8"?>
<!-- Generated by org.testng.reporters.JUnitXMLReporter -->
<testsuite ignored="5" hostname="HARRY" failures="0" tests="1" name="Default test" time="4.019" errors="0" timestamp="2024-03-10T15:35:15 EDT">
  <testcase classname="testPackage.SearchTest" name="NavigateToNextPage" time="1.739"/>
  <testcase classname="testPackage.SearchTest" name="New" time="0.0">
    <ignored/>
  </testcase> <!-- New -->
  <testcase classname="testPackage.SearchTest" name="applyFilter" time="0.0">
    <ignored/>
  </testcase> <!-- applyFilter -->
  <testcase classname="testPackage.SearchTest" name="search" time="0.0">
    <ignored/>
  </testcase> <!-- search -->
  <testcase classname="testPackage.SearchTest" name="searchFilterSortTest" time="0.0">
    <ignored/>
  </testcase> <!-- searchFilterSortTest -->
  <testcase classname="testPackage.SearchTest" name="sortByPriceAscending" time="0.0">
    <ignored/>
  </testcase> <!-- sortByPriceAscending -->
</testsuite> <!-- Default test -->
