<?xml version="1.0" encoding="UTF-8"?>
<!-- Generated by org.testng.reporters.JUnitXMLReporter -->
<testsuite ignored="0" hostname="HARRY" failures="0" tests="3" name="Default test" time="19.571" errors="0" timestamp="2024-03-10T00:20:16 EST">
  <testcase classname="testPackage.Signup_test" name="SignUp_InvalidData" time="0.676"/>
  <testcase classname="testPackage.Signup_test" name="SignUp_ValidData" time="0.905"/>
  <testcase classname="testPackage.Signup_test" name="SignUp_duplicateEMailAddress" time="0.691"/>
</testsuite> <!-- Default test -->
