<?xml version="1.0" encoding="UTF-8"?>
<!-- Generated by org.testng.reporters.JUnitXMLReporter -->
<testsuite ignored="0" hostname="DESKTOP-AIOFSGO" failures="0" tests="1" name="Command line test" time="0.087" errors="0" timestamp="2024-03-08T23:52:52 GMT-04:00">
  <testcase classname="testPackage.SearchTest" name="@BeforeMethod initsetup" time="0.017">
    <failure type="java.lang.NullPointerException" message="Cannot invoke &amp;quot;String.equals(Object)&amp;quot; because &amp;quot;browsername&amp;quot; is null">
      <![CDATA[java.lang.NullPointerException: Cannot invoke "String.equals(Object)" because "browsername" is null
at base.Base.initiation(Base.java:40)
at testPackage.SearchTest.initsetup(SearchTest.java:18)
at java.base/java.util.ArrayList.forEach(ArrayList.java:1511)
... Removed 40 stack frames]]>
    </failure>
  </testcase> <!-- @BeforeMethod initsetup -->
  <testcase classname="testPackage.SearchTest" name="search" time="0.001">
    <skipped/>
  </testcase> <!-- search -->
</testsuite> <!-- Command line test -->
