<?xml version="1.0" encoding="UTF-8"?>
<!-- Generated by org.testng.reporters.JUnitXMLReporter -->
<testsuite ignored="0" hostname="DESKTOP-AIOFSGO" failures="0" tests="3" name="Command line test" time="0.07" errors="0" timestamp="2024-03-10T01:38:37 GMT-04:00">
  <testcase classname="testPackage.SearchTest" name="@BeforeMethod initsetup" time="0.009">
    <failure type="java.lang.NullPointerException" message="Cannot invoke &amp;quot;String.equals(Object)&amp;quot; because &amp;quot;browsername&amp;quot; is null">
      <![CDATA[java.lang.NullPointerException: Cannot invoke "String.equals(Object)" because "browsername" is null
at base.Base.initiation(Base.java:40)
at testPackage.SearchTest.initsetup(SearchTest.java:21)
at java.base/java.util.ArrayList.forEach(ArrayList.java:1511)
... Removed 40 stack frames]]>
    </failure>
  </testcase> <!-- @BeforeMethod initsetup -->
  <testcase classname="testPackage.SearchTest" name="@AfterMethod closeBrowser" time="0.0">
    <skipped/>
  </testcase> <!-- @AfterMethod closeBrowser -->
  <testcase classname="testPackage.SearchTest" name="@BeforeMethod initsetup" time="0.0">
    <skipped/>
  </testcase> <!-- @BeforeMethod initsetup -->
  <testcase classname="testPackage.SearchTest" name="@AfterMethod closeBrowser" time="0.0">
    <skipped/>
  </testcase> <!-- @AfterMethod closeBrowser -->
  <testcase classname="testPackage.SearchTest" name="@BeforeMethod initsetup" time="0.0">
    <skipped/>
  </testcase> <!-- @BeforeMethod initsetup -->
  <testcase classname="testPackage.SearchTest" name="@AfterMethod closeBrowser" time="0.0">
    <skipped/>
  </testcase> <!-- @AfterMethod closeBrowser -->
  <testcase classname="testPackage.SearchTest" name="applyFilter" time="0.0">
    <skipped/>
  </testcase> <!-- applyFilter -->
  <testcase classname="testPackage.SearchTest" name="search" time="0.0">
    <skipped/>
  </testcase> <!-- search -->
  <testcase classname="testPackage.SearchTest" name="sortByPriceAscending" time="0.0">
    <skipped/>
  </testcase> <!-- sortByPriceAscending -->
</testsuite> <!-- Command line test -->
