-------------------------------------------------------------------------------
Test set: testPackage.SearchTest
-------------------------------------------------------------------------------
Tests run: 2, Failures: 1, Errors: 0, Skipped: 1, Time elapsed: 1.462 sec <<< FAILURE!
initsetup(testPackage.SearchTest)  Time elapsed: 1.034 sec  <<< FAILURE!
java.lang.NullPointerException: Cannot invoke "String.equals(Object)" because "browsername" is null
	at base.Base.initiation(Base.java:40)
	at testPackage.SearchTest.initsetup(SearchTest.java:18)

