<?xml version="1.0" encoding="UTF-8"?>
<testng-results ignored="0" total="1" passed="1" failed="0" skipped="0">
  <reporter-output>
  </reporter-output>
  <suite started-at="2024-03-10T15:35:11 EDT" name="Default suite" finished-at="2024-03-10T15:35:15 EDT" duration-ms="4019">
    <groups>
    </groups>
    <test started-at="2024-03-10T15:35:11 EDT" name="Default test" finished-at="2024-03-10T15:35:15 EDT" duration-ms="4019">
      <class name="testPackage.SearchTest">
        <test-method is-config="true" signature="initsetup()[pri:0, instance:testPackage.SearchTest@130d63be]" started-at="2024-03-10T15:35:11 EDT" name="initsetup" finished-at="2024-03-10T15:35:13 EDT" duration-ms="2255" status="PASS">
          <reporter-output>
          </reporter-output>
        </test-method> <!-- initsetup -->
        <test-method signature="NavigateToNextPage()[pri:0, instance:testPackage.SearchTest@130d63be]" started-at="2024-03-10T15:35:13 EDT" name="NavigateToNextPage" finished-at="2024-03-10T15:35:15 EDT" duration-ms="1739" status="PASS">
          <reporter-output>
          </reporter-output>
        </test-method> <!-- NavigateToNextPage -->
      </class> <!-- testPackage.SearchTest -->
    </test> <!-- Default test -->
  </suite> <!-- Default suite -->
</testng-results>
